<?xml version="1.0" encoding="UTF-8"?>
<!-- Generated by org.testng.reporters.JUnitXMLReporter -->
<testsuite hostname="INBLRWHF71883G2" name="Test" tests="6" failures="0" timestamp="7 Nov 2019 10:33:58 GMT" time="73.216" errors="0">
  <testcase name="login" time="4.014" classname="com.servicenow.testscripts.change.tests"/>
  <testcase name="createchange" time="4.002" classname="com.servicenow.testscripts.change.tests"/>
  <testcase name="searchchange" time="4.001" classname="com.servicenow.testscripts.change.tests"/>
  <testcase name="openinc" time="4.005" classname="com.servicenow.testscripts.incident.testinc"/>
  <testcase name="statepending" time="4.018" classname="com.servicenow.testscripts.incident.testinc"/>
  <testcase name="stateresolved" time="4.003" classname="com.servicenow.testscripts.incident.testinc"/>
</testsuite> <!-- Test -->
