<?xml version="1.0" encoding="UTF-8"?>
<testng-results skipped="3" failed="0" total="6" passed="3">
  <reporter-output>
  </reporter-output>
  <suite name="Suite" duration-ms="67941" started-at="2019-11-07T10:23:48Z" finished-at="2019-11-07T10:24:56Z">
    <groups>
    </groups>
    <test name="Test" duration-ms="67941" started-at="2019-11-07T10:23:48Z" finished-at="2019-11-07T10:24:56Z">
      <class name="com.servicenow.testscripts.change.tests">
        <test-method status="PASS" signature="setup(java.lang.String, java.lang.String)[pri:0, instance:com.servicenow.testscripts.change.tests@17d99928]" name="setup" is-config="true" duration-ms="20954" started-at="2019-11-07T15:53:48Z" finished-at="2019-11-07T15:54:09Z">
          <params>
            <param index="0">
              <value>
                <![CDATA[chrome]]>
              </value>
            </param>
            <param index="1">
              <value>
                <![CDATA[https://www.google.com]]>
              </value>
            </param>
          </params>
          <reporter-output>
          </reporter-output>
        </test-method> <!-- setup -->
        <test-method status="PASS" signature="login()[pri:0, instance:com.servicenow.testscripts.change.tests@17d99928]" name="login" duration-ms="4014" started-at="2019-11-07T15:54:09Z" finished-at="2019-11-07T15:54:13Z">
          <reporter-output>
          </reporter-output>
        </test-method> <!-- login -->
        <test-method status="PASS" signature="testscriptstatus(org.testng.ITestResult)[pri:0, instance:com.servicenow.testscripts.change.tests@17d99928]" name="testscriptstatus" is-config="true" duration-ms="2314" started-at="2019-11-07T15:54:13Z" finished-at="2019-11-07T15:54:15Z">
          <params>
            <param index="0">
              <value>
                <![CDATA[[TestResult name=login status=SUCCESS method=tests.login()[pri:0, instance:com.servicenow.testscripts.change.tests@17d99928] output={null}]]]>
              </value>
            </param>
          </params>
          <reporter-output>
          </reporter-output>
        </test-method> <!-- testscriptstatus -->
        <test-method status="PASS" signature="createchange()[pri:0, instance:com.servicenow.testscripts.change.tests@17d99928]" name="createchange" duration-ms="4002" started-at="2019-11-07T15:54:15Z" finished-at="2019-11-07T15:54:19Z">
          <reporter-output>
          </reporter-output>
        </test-method> <!-- createchange -->
        <test-method status="PASS" signature="testscriptstatus(org.testng.ITestResult)[pri:0, instance:com.servicenow.testscripts.change.tests@17d99928]" name="testscriptstatus" is-config="true" duration-ms="1035" started-at="2019-11-07T15:54:19Z" finished-at="2019-11-07T15:54:20Z">
          <params>
            <param index="0">
              <value>
                <![CDATA[[TestResult name=createchange status=SUCCESS method=tests.createchange()[pri:0, instance:com.servicenow.testscripts.change.tests@17d99928] output={null}]]]>
              </value>
            </param>
          </params>
          <reporter-output>
          </reporter-output>
        </test-method> <!-- testscriptstatus -->
        <test-method status="PASS" signature="searchchange()[pri:0, instance:com.servicenow.testscripts.change.tests@17d99928]" name="searchchange" duration-ms="4002" started-at="2019-11-07T15:54:20Z" finished-at="2019-11-07T15:54:24Z">
          <reporter-output>
          </reporter-output>
        </test-method> <!-- searchchange -->
        <test-method status="PASS" signature="testscriptstatus(org.testng.ITestResult)[pri:0, instance:com.servicenow.testscripts.change.tests@17d99928]" name="testscriptstatus" is-config="true" duration-ms="420" started-at="2019-11-07T15:54:24Z" finished-at="2019-11-07T15:54:25Z">
          <params>
            <param index="0">
              <value>
                <![CDATA[[TestResult name=searchchange status=SUCCESS method=tests.searchchange()[pri:0, instance:com.servicenow.testscripts.change.tests@17d99928] output={null}]]]>
              </value>
            </param>
          </params>
          <reporter-output>
          </reporter-output>
        </test-method> <!-- testscriptstatus -->
        <test-method status="PASS" signature="afterclass()[pri:0, instance:com.servicenow.testscripts.change.tests@17d99928]" name="afterclass" is-config="true" duration-ms="4019" started-at="2019-11-07T15:54:25Z" finished-at="2019-11-07T15:54:29Z">
          <reporter-output>
          </reporter-output>
        </test-method> <!-- afterclass -->
      </class> <!-- com.servicenow.testscripts.change.tests -->
      <class name="com.servicenow.testscripts.incident.testinc">
        <test-method status="PASS" signature="beforetest()[pri:0, instance:com.servicenow.testscripts.incident.testinc@2fc14f68]" name="beforetest" is-config="true" duration-ms="9" started-at="2019-11-07T15:53:48Z" finished-at="2019-11-07T15:53:48Z">
          <reporter-output>
          </reporter-output>
        </test-method> <!-- beforetest -->
        <test-method status="FAIL" signature="setup(java.lang.String, java.lang.String)[pri:0, instance:com.servicenow.testscripts.incident.testinc@2fc14f68]" name="setup" is-config="true" duration-ms="0" started-at="2019-11-07T15:54:29Z" finished-at="2019-11-07T15:54:29Z">
          <params>
            <param index="0">
              <value>
                <![CDATA[chrome]]>
              </value>
            </param>
            <param index="1">
              <value>
                <![CDATA[https://www.google.com]]>
              </value>
            </param>
          </params>
          <exception class="org.openqa.selenium.WebDriverException">
            <message>
              <![CDATA[chrome not reachable
  (Session info: chrome=78.0.3904.87)
  (Driver info: chromedriver=2.41.578737 (49da6702b16031c40d63e5618de03a32ff6c197e),platform=Windows NT 10.0.17134 x86_64) (WARNING: The server did not provide any stacktrace information)
Command duration or timeout: 0 milliseconds
Build info: version: '3.141.59', revision: 'e82be7d358', time: '2018-11-14T08:25:53'
System info: host: 'INBLRWHF71883G2', ip: '10.104.87.197', os.name: 'Windows 10', os.arch: 'amd64', os.version: '10.0', java.version: '1.8.0_171'
Driver info: org.openqa.selenium.chrome.ChromeDriver
Capabilities {acceptInsecureCerts: false, acceptSslCerts: false, applicationCacheEnabled: false, browserConnectionEnabled: false, browserName: chrome, chrome: {chromedriverVersion: 2.41.578737 (49da6702b16031..., userDataDir: C:\Users\180138\AppData\Loc...}, cssSelectorsEnabled: true, databaseEnabled: false, goog:chromeOptions: {debuggerAddress: localhost:64733}, handlesAlerts: true, hasTouchScreen: false, javascriptEnabled: true, locationContextEnabled: true, mobileEmulationEnabled: false, nativeEvents: true, networkConnectionEnabled: false, pageLoadStrategy: normal, platform: XP, platformName: XP, rotatable: false, setWindowRect: true, takesHeapSnapshot: true, takesScreenshot: true, unexpectedAlertBehaviour: , unhandledPromptBehavior: , version: 78.0.3904.87, webStorageEnabled: true}
Session ID: da7e994cb178e038d495744a1ab72740]]>
            </message>
            <full-stacktrace>
              <![CDATA[org.openqa.selenium.WebDriverException: chrome not reachable
  (Session info: chrome=78.0.3904.87)
  (Driver info: chromedriver=2.41.578737 (49da6702b16031c40d63e5618de03a32ff6c197e),platform=Windows NT 10.0.17134 x86_64) (WARNING: The server did not provide any stacktrace information)
Command duration or timeout: 0 milliseconds
Build info: version: '3.141.59', revision: 'e82be7d358', time: '2018-11-14T08:25:53'
System info: host: 'INBLRWHF71883G2', ip: '10.104.87.197', os.name: 'Windows 10', os.arch: 'amd64', os.version: '10.0', java.version: '1.8.0_171'
Driver info: org.openqa.selenium.chrome.ChromeDriver
Capabilities {acceptInsecureCerts: false, acceptSslCerts: false, applicationCacheEnabled: false, browserConnectionEnabled: false, browserName: chrome, chrome: {chromedriverVersion: 2.41.578737 (49da6702b16031..., userDataDir: C:\Users\180138\AppData\Loc...}, cssSelectorsEnabled: true, databaseEnabled: false, goog:chromeOptions: {debuggerAddress: localhost:64733}, handlesAlerts: true, hasTouchScreen: false, javascriptEnabled: true, locationContextEnabled: true, mobileEmulationEnabled: false, nativeEvents: true, networkConnectionEnabled: false, pageLoadStrategy: normal, platform: XP, platformName: XP, rotatable: false, setWindowRect: true, takesHeapSnapshot: true, takesScreenshot: true, unexpectedAlertBehaviour: , unhandledPromptBehavior: , version: 78.0.3904.87, webStorageEnabled: true}
Session ID: da7e994cb178e038d495744a1ab72740
	at sun.reflect.NativeConstructorAccessorImpl.newInstance0(Native Method)
	at sun.reflect.NativeConstructorAccessorImpl.newInstance(Unknown Source)
	at sun.reflect.DelegatingConstructorAccessorImpl.newInstance(Unknown Source)
	at java.lang.reflect.Constructor.newInstance(Unknown Source)
	at org.openqa.selenium.remote.ErrorHandler.createThrowable(ErrorHandler.java:214)
	at org.openqa.selenium.remote.ErrorHandler.throwIfResponseFailed(ErrorHandler.java:166)
	at org.openqa.selenium.remote.http.JsonHttpResponseCodec.reconstructValue(JsonHttpResponseCodec.java:40)
	at org.openqa.selenium.remote.http.AbstractHttpResponseCodec.decode(AbstractHttpResponseCodec.java:80)
	at org.openqa.selenium.remote.http.AbstractHttpResponseCodec.decode(AbstractHttpResponseCodec.java:44)
	at org.openqa.selenium.remote.HttpCommandExecutor.execute(HttpCommandExecutor.java:158)
	at org.openqa.selenium.remote.service.DriverCommandExecutor.execute(DriverCommandExecutor.java:83)
	at org.openqa.selenium.remote.RemoteWebDriver.execute(RemoteWebDriver.java:552)
	at org.openqa.selenium.remote.RemoteWebDriver.get(RemoteWebDriver.java:277)
	at com.servicenow.utility.Baselib.setup(Baselib.java:79)
	at sun.reflect.NativeMethodAccessorImpl.invoke0(Native Method)
	at sun.reflect.NativeMethodAccessorImpl.invoke(Unknown Source)
	at sun.reflect.DelegatingMethodAccessorImpl.invoke(Unknown Source)
	at java.lang.reflect.Method.invoke(Unknown Source)
	at org.testng.internal.MethodInvocationHelper.invokeMethod(MethodInvocationHelper.java:84)
	at org.testng.internal.Invoker.invokeConfigurationMethod(Invoker.java:564)
	at org.testng.internal.Invoker.invokeConfigurations(Invoker.java:213)
	at org.testng.internal.Invoker.invokeConfigurations(Invoker.java:138)
	at org.testng.internal.TestMethodWorker.invokeBeforeClassMethods(TestMethodWorker.java:175)
	at org.testng.internal.TestMethodWorker.run(TestMethodWorker.java:107)
	at org.testng.TestRunner.privateRun(TestRunner.java:767)
	at org.testng.TestRunner.run(TestRunner.java:617)
	at org.testng.SuiteRunner.runTest(SuiteRunner.java:334)
	at org.testng.SuiteRunner.runSequentially(SuiteRunner.java:329)
	at org.testng.SuiteRunner.privateRun(SuiteRunner.java:291)
	at org.testng.SuiteRunner.run(SuiteRunner.java:240)
	at org.testng.SuiteRunnerWorker.runSuite(SuiteRunnerWorker.java:52)
	at org.testng.SuiteRunnerWorker.run(SuiteRunnerWorker.java:86)
	at org.testng.TestNG.runSuitesSequentially(TestNG.java:1224)
	at org.testng.TestNG.runSuitesLocally(TestNG.java:1149)
	at org.testng.TestNG.run(TestNG.java:1057)
	at org.testng.TestNG.privateMain(TestNG.java:1364)
	at org.testng.TestNG.main(TestNG.java:1333)
]]>
            </full-stacktrace>
          </exception> <!-- org.openqa.selenium.WebDriverException -->
          <reporter-output>
          </reporter-output>
        </test-method> <!-- setup -->
        <test-method status="SKIP" signature="testscriptstatus(org.testng.ITestResult)[pri:0, instance:com.servicenow.testscripts.incident.testinc@2fc14f68]" name="testscriptstatus" is-config="true" duration-ms="0" started-at="2019-11-07T15:54:56Z" finished-at="2019-11-07T15:54:56Z">
          <reporter-output>
          </reporter-output>
        </test-method> <!-- testscriptstatus -->
        <test-method status="SKIP" signature="statepending()[pri:0, instance:com.servicenow.testscripts.incident.testinc@2fc14f68]" name="statepending" duration-ms="0" started-at="2019-11-07T15:54:56Z" finished-at="2019-11-07T15:54:56Z">
          <reporter-output>
          </reporter-output>
        </test-method> <!-- statepending -->
        <test-method status="SKIP" signature="openinc()[pri:0, instance:com.servicenow.testscripts.incident.testinc@2fc14f68]" name="openinc" duration-ms="0" started-at="2019-11-07T15:54:56Z" finished-at="2019-11-07T15:54:56Z">
          <reporter-output>
          </reporter-output>
        </test-method> <!-- openinc -->
        <test-method status="SKIP" signature="testscriptstatus(org.testng.ITestResult)[pri:0, instance:com.servicenow.testscripts.incident.testinc@2fc14f68]" name="testscriptstatus" is-config="true" duration-ms="0" started-at="2019-11-07T15:54:56Z" finished-at="2019-11-07T15:54:56Z">
          <reporter-output>
          </reporter-output>
        </test-method> <!-- testscriptstatus -->
        <test-method status="SKIP" signature="testscriptstatus(org.testng.ITestResult)[pri:0, instance:com.servicenow.testscripts.incident.testinc@2fc14f68]" name="testscriptstatus" is-config="true" duration-ms="0" started-at="2019-11-07T15:54:56Z" finished-at="2019-11-07T15:54:56Z">
          <reporter-output>
          </reporter-output>
        </test-method> <!-- testscriptstatus -->
        <test-method status="SKIP" signature="teardown()[pri:0, instance:com.servicenow.testscripts.incident.testinc@2fc14f68]" name="teardown" is-config="true" duration-ms="0" started-at="2019-11-07T15:54:56Z" finished-at="2019-11-07T15:54:56Z">
          <reporter-output>
          </reporter-output>
        </test-method> <!-- teardown -->
        <test-method status="SKIP" signature="stateresolved()[pri:0, instance:com.servicenow.testscripts.incident.testinc@2fc14f68]" name="stateresolved" duration-ms="0" started-at="2019-11-07T15:54:56Z" finished-at="2019-11-07T15:54:56Z">
          <reporter-output>
          </reporter-output>
        </test-method> <!-- stateresolved -->
        <test-method status="SKIP" signature="afterclass()[pri:0, instance:com.servicenow.testscripts.incident.testinc@2fc14f68]" name="afterclass" is-config="true" duration-ms="0" started-at="2019-11-07T15:54:56Z" finished-at="2019-11-07T15:54:56Z">
          <reporter-output>
          </reporter-output>
        </test-method> <!-- afterclass -->
        <test-method status="SKIP" signature="aftersuite()[pri:0, instance:com.servicenow.testscripts.incident.testinc@2fc14f68]" name="aftersuite" is-config="true" duration-ms="0" started-at="2019-11-07T15:54:56Z" finished-at="2019-11-07T15:54:56Z">
          <reporter-output>
          </reporter-output>
        </test-method> <!-- aftersuite -->
      </class> <!-- com.servicenow.testscripts.incident.testinc -->
    </test> <!-- Test -->
  </suite> <!-- Suite -->
</testng-results>
