<?xml version="1.0" encoding="UTF-8"?>
<testng-results skipped="0" failed="0" total="6" passed="6">
  <reporter-output>
    <line>
      <![CDATA[test cases to be run]]>
    </line>
  </reporter-output>
  <suite name="Suite" duration-ms="73216" started-at="2019-11-07T10:32:45Z" finished-at="2019-11-07T10:33:58Z">
    <groups>
    </groups>
    <test name="Test" duration-ms="73216" started-at="2019-11-07T10:32:45Z" finished-at="2019-11-07T10:33:58Z">
      <class name="com.servicenow.testscripts.change.tests">
        <test-method status="PASS" signature="setup(java.lang.String, java.lang.String)[pri:0, instance:com.servicenow.testscripts.change.tests@17d99928]" name="setup" is-config="true" duration-ms="18915" started-at="2019-11-07T16:02:45Z" finished-at="2019-11-07T16:03:04Z">
          <params>
            <param index="0">
              <value>
                <![CDATA[chrome]]>
              </value>
            </param>
            <param index="1">
              <value>
                <![CDATA[https://www.google.com]]>
              </value>
            </param>
          </params>
          <reporter-output>
          </reporter-output>
        </test-method> <!-- setup -->
        <test-method status="PASS" signature="login()[pri:0, instance:com.servicenow.testscripts.change.tests@17d99928]" name="login" duration-ms="4014" started-at="2019-11-07T16:03:04Z" finished-at="2019-11-07T16:03:08Z">
          <reporter-output>
          </reporter-output>
        </test-method> <!-- login -->
        <test-method status="PASS" signature="testscriptstatus(org.testng.ITestResult)[pri:0, instance:com.servicenow.testscripts.change.tests@17d99928]" name="testscriptstatus" is-config="true" duration-ms="2631" started-at="2019-11-07T16:03:08Z" finished-at="2019-11-07T16:03:11Z">
          <params>
            <param index="0">
              <value>
                <![CDATA[[TestResult name=login status=SUCCESS method=tests.login()[pri:0, instance:com.servicenow.testscripts.change.tests@17d99928] output={null}]]]>
              </value>
            </param>
          </params>
          <reporter-output>
          </reporter-output>
        </test-method> <!-- testscriptstatus -->
        <test-method status="PASS" signature="createchange()[pri:0, instance:com.servicenow.testscripts.change.tests@17d99928]" name="createchange" duration-ms="4002" started-at="2019-11-07T16:03:11Z" finished-at="2019-11-07T16:03:15Z">
          <reporter-output>
          </reporter-output>
        </test-method> <!-- createchange -->
        <test-method status="PASS" signature="testscriptstatus(org.testng.ITestResult)[pri:0, instance:com.servicenow.testscripts.change.tests@17d99928]" name="testscriptstatus" is-config="true" duration-ms="916" started-at="2019-11-07T16:03:15Z" finished-at="2019-11-07T16:03:15Z">
          <params>
            <param index="0">
              <value>
                <![CDATA[[TestResult name=createchange status=SUCCESS method=tests.createchange()[pri:0, instance:com.servicenow.testscripts.change.tests@17d99928] output={null}]]]>
              </value>
            </param>
          </params>
          <reporter-output>
          </reporter-output>
        </test-method> <!-- testscriptstatus -->
        <test-method status="PASS" signature="searchchange()[pri:0, instance:com.servicenow.testscripts.change.tests@17d99928]" name="searchchange" duration-ms="4001" started-at="2019-11-07T16:03:15Z" finished-at="2019-11-07T16:03:19Z">
          <reporter-output>
          </reporter-output>
        </test-method> <!-- searchchange -->
        <test-method status="PASS" signature="testscriptstatus(org.testng.ITestResult)[pri:0, instance:com.servicenow.testscripts.change.tests@17d99928]" name="testscriptstatus" is-config="true" duration-ms="572" started-at="2019-11-07T16:03:19Z" finished-at="2019-11-07T16:03:20Z">
          <params>
            <param index="0">
              <value>
                <![CDATA[[TestResult name=searchchange status=SUCCESS method=tests.searchchange()[pri:0, instance:com.servicenow.testscripts.change.tests@17d99928] output={null}]]]>
              </value>
            </param>
          </params>
          <reporter-output>
          </reporter-output>
        </test-method> <!-- testscriptstatus -->
        <test-method status="PASS" signature="afterclass()[pri:0, instance:com.servicenow.testscripts.change.tests@17d99928]" name="afterclass" is-config="true" duration-ms="4003" started-at="2019-11-07T16:03:20Z" finished-at="2019-11-07T16:03:24Z">
          <reporter-output>
          </reporter-output>
        </test-method> <!-- afterclass -->
      </class> <!-- com.servicenow.testscripts.change.tests -->
      <class name="com.servicenow.testscripts.incident.testinc">
        <test-method status="PASS" signature="beforetest()[pri:0, instance:com.servicenow.testscripts.incident.testinc@2fc14f68]" name="beforetest" is-config="true" duration-ms="11" started-at="2019-11-07T16:02:45Z" finished-at="2019-11-07T16:02:45Z">
          <reporter-output>
          </reporter-output>
        </test-method> <!-- beforetest -->
        <test-method status="PASS" signature="setup(java.lang.String, java.lang.String)[pri:0, instance:com.servicenow.testscripts.incident.testinc@2fc14f68]" name="setup" is-config="true" duration-ms="16799" started-at="2019-11-07T16:03:24Z" finished-at="2019-11-07T16:03:41Z">
          <params>
            <param index="0">
              <value>
                <![CDATA[chrome]]>
              </value>
            </param>
            <param index="1">
              <value>
                <![CDATA[https://www.google.com]]>
              </value>
            </param>
          </params>
          <reporter-output>
          </reporter-output>
        </test-method> <!-- setup -->
        <test-method status="PASS" signature="openinc()[pri:0, instance:com.servicenow.testscripts.incident.testinc@2fc14f68]" name="openinc" duration-ms="4005" started-at="2019-11-07T16:03:41Z" finished-at="2019-11-07T16:03:45Z">
          <reporter-output>
          </reporter-output>
        </test-method> <!-- openinc -->
        <test-method status="PASS" signature="testscriptstatus(org.testng.ITestResult)[pri:0, instance:com.servicenow.testscripts.incident.testinc@2fc14f68]" name="testscriptstatus" is-config="true" duration-ms="463" started-at="2019-11-07T16:03:45Z" finished-at="2019-11-07T16:03:45Z">
          <params>
            <param index="0">
              <value>
                <![CDATA[[TestResult name=openinc status=SUCCESS method=testinc.openinc()[pri:0, instance:com.servicenow.testscripts.incident.testinc@2fc14f68] output={null}]]]>
              </value>
            </param>
          </params>
          <reporter-output>
          </reporter-output>
        </test-method> <!-- testscriptstatus -->
        <test-method status="PASS" signature="statepending()[pri:0, instance:com.servicenow.testscripts.incident.testinc@2fc14f68]" name="statepending" duration-ms="4018" started-at="2019-11-07T16:03:45Z" finished-at="2019-11-07T16:03:49Z">
          <reporter-output>
          </reporter-output>
        </test-method> <!-- statepending -->
        <test-method status="PASS" signature="testscriptstatus(org.testng.ITestResult)[pri:0, instance:com.servicenow.testscripts.incident.testinc@2fc14f68]" name="testscriptstatus" is-config="true" duration-ms="551" started-at="2019-11-07T16:03:49Z" finished-at="2019-11-07T16:03:50Z">
          <params>
            <param index="0">
              <value>
                <![CDATA[[TestResult name=statepending status=SUCCESS method=testinc.statepending()[pri:0, instance:com.servicenow.testscripts.incident.testinc@2fc14f68] output={null}]]]>
              </value>
            </param>
          </params>
          <reporter-output>
          </reporter-output>
        </test-method> <!-- testscriptstatus -->
        <test-method status="PASS" signature="stateresolved()[pri:0, instance:com.servicenow.testscripts.incident.testinc@2fc14f68]" name="stateresolved" duration-ms="4003" started-at="2019-11-07T16:03:50Z" finished-at="2019-11-07T16:03:54Z">
          <reporter-output>
          </reporter-output>
        </test-method> <!-- stateresolved -->
        <test-method status="PASS" signature="testscriptstatus(org.testng.ITestResult)[pri:0, instance:com.servicenow.testscripts.incident.testinc@2fc14f68]" name="testscriptstatus" is-config="true" duration-ms="285" started-at="2019-11-07T16:03:54Z" finished-at="2019-11-07T16:03:54Z">
          <params>
            <param index="0">
              <value>
                <![CDATA[[TestResult name=stateresolved status=SUCCESS method=testinc.stateresolved()[pri:0, instance:com.servicenow.testscripts.incident.testinc@2fc14f68] output={null}]]]>
              </value>
            </param>
          </params>
          <reporter-output>
          </reporter-output>
        </test-method> <!-- testscriptstatus -->
        <test-method status="PASS" signature="afterclass()[pri:0, instance:com.servicenow.testscripts.incident.testinc@2fc14f68]" name="afterclass" is-config="true" duration-ms="4004" started-at="2019-11-07T16:03:54Z" finished-at="2019-11-07T16:03:58Z">
          <reporter-output>
          </reporter-output>
        </test-method> <!-- afterclass -->
        <test-method status="PASS" signature="teardown()[pri:0, instance:com.servicenow.testscripts.incident.testinc@2fc14f68]" name="teardown" is-config="true" duration-ms="9" started-at="2019-11-07T16:03:58Z" finished-at="2019-11-07T16:03:58Z">
          <reporter-output>
          </reporter-output>
        </test-method> <!-- teardown -->
        <test-method status="FAIL" signature="aftersuite()[pri:0, instance:com.servicenow.testscripts.incident.testinc@2fc14f68]" name="aftersuite" is-config="true" duration-ms="0" started-at="2019-11-07T16:03:58Z" finished-at="2019-11-07T16:03:58Z">
          <exception class="org.openqa.selenium.NoSuchElementException">
            <message>
              <![CDATA[no such element: Unable to locate element: {"method":"id","selector":"i0116"}
  (Session info: chrome=78.0.3904.87)
  (Driver info: chromedriver=2.41.578737 (49da6702b16031c40d63e5618de03a32ff6c197e),platform=Windows NT 10.0.17134 x86_64) (WARNING: The server did not provide any stacktrace information)
Command duration or timeout: 0 milliseconds
For documentation on this error, please visit: https://www.seleniumhq.org/exceptions/no_such_element.html
Build info: version: '3.141.59', revision: 'e82be7d358', time: '2018-11-14T08:25:53'
System info: host: 'INBLRWHF71883G2', ip: '10.104.87.197', os.name: 'Windows 10', os.arch: 'amd64', os.version: '10.0', java.version: '1.8.0_171'
Driver info: org.openqa.selenium.chrome.ChromeDriver
Capabilities {acceptInsecureCerts: false, acceptSslCerts: false, applicationCacheEnabled: false, browserConnectionEnabled: false, browserName: chrome, chrome: {chromedriverVersion: 2.41.578737 (49da6702b16031..., userDataDir: C:\Users\180138\AppData\Loc...}, cssSelectorsEnabled: true, databaseEnabled: false, goog:chromeOptions: {debuggerAddress: localhost:49841}, handlesAlerts: true, hasTouchScreen: false, javascriptEnabled: true, locationContextEnabled: true, mobileEmulationEnabled: false, nativeEvents: true, networkConnectionEnabled: false, pageLoadStrategy: normal, platform: XP, platformName: XP, rotatable: false, setWindowRect: true, takesHeapSnapshot: true, takesScreenshot: true, unexpectedAlertBehaviour: , unhandledPromptBehavior: , version: 78.0.3904.87, webStorageEnabled: true}
Session ID: 7e29de1fdfd95836e7fd2e2a3e618357
*** Element info: {Using=id, value=i0116}]]>
            </message>
            <full-stacktrace>
              <![CDATA[org.openqa.selenium.NoSuchElementException: no such element: Unable to locate element: {"method":"id","selector":"i0116"}
  (Session info: chrome=78.0.3904.87)
  (Driver info: chromedriver=2.41.578737 (49da6702b16031c40d63e5618de03a32ff6c197e),platform=Windows NT 10.0.17134 x86_64) (WARNING: The server did not provide any stacktrace information)
Command duration or timeout: 0 milliseconds
For documentation on this error, please visit: https://www.seleniumhq.org/exceptions/no_such_element.html
Build info: version: '3.141.59', revision: 'e82be7d358', time: '2018-11-14T08:25:53'
System info: host: 'INBLRWHF71883G2', ip: '10.104.87.197', os.name: 'Windows 10', os.arch: 'amd64', os.version: '10.0', java.version: '1.8.0_171'
Driver info: org.openqa.selenium.chrome.ChromeDriver
Capabilities {acceptInsecureCerts: false, acceptSslCerts: false, applicationCacheEnabled: false, browserConnectionEnabled: false, browserName: chrome, chrome: {chromedriverVersion: 2.41.578737 (49da6702b16031..., userDataDir: C:\Users\180138\AppData\Loc...}, cssSelectorsEnabled: true, databaseEnabled: false, goog:chromeOptions: {debuggerAddress: localhost:49841}, handlesAlerts: true, hasTouchScreen: false, javascriptEnabled: true, locationContextEnabled: true, mobileEmulationEnabled: false, nativeEvents: true, networkConnectionEnabled: false, pageLoadStrategy: normal, platform: XP, platformName: XP, rotatable: false, setWindowRect: true, takesHeapSnapshot: true, takesScreenshot: true, unexpectedAlertBehaviour: , unhandledPromptBehavior: , version: 78.0.3904.87, webStorageEnabled: true}
Session ID: 7e29de1fdfd95836e7fd2e2a3e618357
*** Element info: {Using=id, value=i0116}
	at sun.reflect.NativeConstructorAccessorImpl.newInstance0(Native Method)
	at sun.reflect.NativeConstructorAccessorImpl.newInstance(Unknown Source)
	at sun.reflect.DelegatingConstructorAccessorImpl.newInstance(Unknown Source)
	at java.lang.reflect.Constructor.newInstance(Unknown Source)
	at org.openqa.selenium.remote.ErrorHandler.createThrowable(ErrorHandler.java:214)
	at org.openqa.selenium.remote.ErrorHandler.throwIfResponseFailed(ErrorHandler.java:166)
	at org.openqa.selenium.remote.http.JsonHttpResponseCodec.reconstructValue(JsonHttpResponseCodec.java:40)
	at org.openqa.selenium.remote.http.AbstractHttpResponseCodec.decode(AbstractHttpResponseCodec.java:80)
	at org.openqa.selenium.remote.http.AbstractHttpResponseCodec.decode(AbstractHttpResponseCodec.java:44)
	at org.openqa.selenium.remote.HttpCommandExecutor.execute(HttpCommandExecutor.java:158)
	at org.openqa.selenium.remote.service.DriverCommandExecutor.execute(DriverCommandExecutor.java:83)
	at org.openqa.selenium.remote.RemoteWebDriver.execute(RemoteWebDriver.java:552)
	at org.openqa.selenium.remote.RemoteWebDriver.findElement(RemoteWebDriver.java:323)
	at org.openqa.selenium.remote.RemoteWebDriver.findElementById(RemoteWebDriver.java:372)
	at org.openqa.selenium.By$ById.findElement(By.java:188)
	at org.openqa.selenium.remote.RemoteWebDriver.findElement(RemoteWebDriver.java:315)
	at com.servicenow.utility.mail.outlook(mail.java:61)
	at com.servicenow.utility.Baselib.aftersuite(Baselib.java:139)
	at sun.reflect.NativeMethodAccessorImpl.invoke0(Native Method)
	at sun.reflect.NativeMethodAccessorImpl.invoke(Unknown Source)
	at sun.reflect.DelegatingMethodAccessorImpl.invoke(Unknown Source)
	at java.lang.reflect.Method.invoke(Unknown Source)
	at org.testng.internal.MethodInvocationHelper.invokeMethod(MethodInvocationHelper.java:84)
	at org.testng.internal.Invoker.invokeConfigurationMethod(Invoker.java:564)
	at org.testng.internal.Invoker.invokeConfigurations(Invoker.java:213)
	at org.testng.internal.Invoker.invokeConfigurations(Invoker.java:138)
	at org.testng.SuiteRunner.privateRun(SuiteRunner.java:308)
	at org.testng.SuiteRunner.run(SuiteRunner.java:240)
	at org.testng.SuiteRunnerWorker.runSuite(SuiteRunnerWorker.java:52)
	at org.testng.SuiteRunnerWorker.run(SuiteRunnerWorker.java:86)
	at org.testng.TestNG.runSuitesSequentially(TestNG.java:1224)
	at org.testng.TestNG.runSuitesLocally(TestNG.java:1149)
	at org.testng.TestNG.run(TestNG.java:1057)
	at org.testng.TestNG.privateMain(TestNG.java:1364)
	at org.testng.TestNG.main(TestNG.java:1333)
]]>
            </full-stacktrace>
          </exception> <!-- org.openqa.selenium.NoSuchElementException -->
          <reporter-output>
            <line>
              <![CDATA[test cases to be run]]>
            </line>
          </reporter-output>
        </test-method> <!-- aftersuite -->
      </class> <!-- com.servicenow.testscripts.incident.testinc -->
    </test> <!-- Test -->
  </suite> <!-- Suite -->
</testng-results>
